<?xml version="1.0" encoding="UTF-8"?>
<coverage generated="1589635287099" clover="3.2.0">
  <project timestamp="1589635287099" name="All files">
    <metrics statements="81" coveredstatements="64" conditionals="21" coveredconditionals="15" methods="29" coveredmethods="18" elements="131" coveredelements="97" complexity="0" loc="81" ncloc="81" packages="9" files="15" classes="15"/>
    <package name="components.HandWash">
      <metrics statements="21" coveredstatements="13" conditionals="6" coveredconditionals="4" methods="5" coveredmethods="2"/>
      <file name="HandWash.js" path="/Users/emanueledivizio/Desktop/Work/UMedic/mc-recruitment-test/app/components/HandWash/HandWash.js">
        <metrics statements="21" coveredstatements="13" conditionals="6" coveredconditionals="4" methods="5" coveredmethods="2"/>
        <line num="11" count="2" type="stmt"/>
        <line num="15" count="2" type="stmt"/>
        <line num="16" count="2" type="stmt"/>
        <line num="17" count="2" type="stmt"/>
        <line num="19" count="2" type="stmt"/>
        <line num="21" count="2" type="stmt"/>
        <line num="22" count="0" type="stmt"/>
        <line num="23" count="0" type="stmt"/>
        <line num="26" count="2" type="stmt"/>
        <line num="27" count="0" type="stmt"/>
        <line num="28" count="0" type="stmt"/>
        <line num="29" count="0" type="stmt"/>
        <line num="30" count="0" type="stmt"/>
        <line num="33" count="2" type="stmt"/>
        <line num="34" count="2" type="cond" truecount="1" falsecount="1"/>
        <line num="35" count="0" type="stmt"/>
        <line num="39" count="2" type="stmt"/>
        <line num="40" count="0" type="stmt"/>
        <line num="43" count="2" type="stmt"/>
        <line num="69" count="2" type="stmt"/>
        <line num="74" count="2" type="stmt"/>
      </file>
    </package>
    <package name="components.HandWashHistory">
      <metrics statements="10" coveredstatements="10" conditionals="0" coveredconditionals="0" methods="5" coveredmethods="5"/>
      <file name="HandWashHistory.js" path="/Users/emanueledivizio/Desktop/Work/UMedic/mc-recruitment-test/app/components/HandWashHistory/HandWashHistory.js">
        <metrics statements="10" coveredstatements="10" conditionals="0" coveredconditionals="0" methods="5" coveredmethods="5"/>
        <line num="7" count="2" type="stmt"/>
        <line num="9" count="2" type="stmt"/>
        <line num="10" count="3" type="stmt"/>
        <line num="11" count="3" type="stmt"/>
        <line num="24" count="2" type="stmt"/>
        <line num="25" count="2" type="stmt"/>
        <line num="26" count="2" type="stmt"/>
        <line num="31" count="3" type="stmt"/>
        <line num="32" count="3" type="stmt"/>
        <line num="38" count="2" type="stmt"/>
      </file>
    </package>
    <package name="components.ShiftBadge">
      <metrics statements="4" coveredstatements="4" conditionals="2" coveredconditionals="1" methods="1" coveredmethods="1"/>
      <file name="ShiftBadge.js" path="/Users/emanueledivizio/Desktop/Work/UMedic/mc-recruitment-test/app/components/ShiftBadge/ShiftBadge.js">
        <metrics statements="4" coveredstatements="4" conditionals="2" coveredconditionals="1" methods="1" coveredmethods="1"/>
        <line num="6" count="1" type="stmt"/>
        <line num="7" count="1" type="stmt"/>
        <line num="9" count="1" type="cond" truecount="1" falsecount="1"/>
        <line num="20" count="1" type="stmt"/>
      </file>
    </package>
    <package name="components.ShiftButton">
      <metrics statements="8" coveredstatements="7" conditionals="6" coveredconditionals="4" methods="3" coveredmethods="2"/>
      <file name="ShiftButton.js" path="/Users/emanueledivizio/Desktop/Work/UMedic/mc-recruitment-test/app/components/ShiftButton/ShiftButton.js">
        <metrics statements="8" coveredstatements="7" conditionals="6" coveredconditionals="4" methods="3" coveredmethods="2"/>
        <line num="8" count="2" type="stmt"/>
        <line num="9" count="4" type="stmt"/>
        <line num="11" count="4" type="stmt"/>
        <line num="13" count="4" type="stmt"/>
        <line num="14" count="0" type="cond" truecount="0" falsecount="2"/>
        <line num="19" count="4" type="stmt"/>
        <line num="23" count="4" type="stmt"/>
        <line num="34" count="2" type="stmt"/>
      </file>
    </package>
    <package name="components.TopBar">
      <metrics statements="3" coveredstatements="3" conditionals="1" coveredconditionals="1" methods="1" coveredmethods="1"/>
      <file name="TopBar.js" path="/Users/emanueledivizio/Desktop/Work/UMedic/mc-recruitment-test/app/components/TopBar/TopBar.js">
        <metrics statements="3" coveredstatements="3" conditionals="1" coveredconditionals="1" methods="1" coveredmethods="1"/>
        <line num="6" count="2" type="cond" truecount="1" falsecount="0"/>
        <line num="7" count="2" type="stmt"/>
        <line num="15" count="2" type="stmt"/>
      </file>
    </package>
    <package name="config">
      <metrics statements="4" coveredstatements="3" conditionals="2" coveredconditionals="1" methods="0" coveredmethods="0"/>
      <file name="colors.js" path="/Users/emanueledivizio/Desktop/Work/UMedic/mc-recruitment-test/app/config/colors.js">
        <metrics statements="0" coveredstatements="0" conditionals="0" coveredconditionals="0" methods="0" coveredmethods="0"/>
      </file>
      <file name="development.js" path="/Users/emanueledivizio/Desktop/Work/UMedic/mc-recruitment-test/app/config/development.js">
        <metrics statements="0" coveredstatements="0" conditionals="0" coveredconditionals="0" methods="0" coveredmethods="0"/>
      </file>
      <file name="index.js" path="/Users/emanueledivizio/Desktop/Work/UMedic/mc-recruitment-test/app/config/index.js">
        <metrics statements="4" coveredstatements="3" conditionals="2" coveredconditionals="1" methods="0" coveredmethods="0"/>
        <line num="6" count="5" type="stmt"/>
        <line num="11" count="5" type="cond" truecount="1" falsecount="1"/>
        <line num="12" count="5" type="stmt"/>
        <line num="18" count="0" type="stmt"/>
      </file>
      <file name="local.js" path="/Users/emanueledivizio/Desktop/Work/UMedic/mc-recruitment-test/app/config/local.js">
        <metrics statements="0" coveredstatements="0" conditionals="0" coveredconditionals="0" methods="0" coveredmethods="0"/>
      </file>
      <file name="production.js" path="/Users/emanueledivizio/Desktop/Work/UMedic/mc-recruitment-test/app/config/production.js">
        <metrics statements="0" coveredstatements="0" conditionals="0" coveredconditionals="0" methods="0" coveredmethods="0"/>
      </file>
    </package>
    <package name="hooks">
      <metrics statements="22" coveredstatements="19" conditionals="4" coveredconditionals="4" methods="10" coveredmethods="6"/>
      <file name="useInterval.js" path="/Users/emanueledivizio/Desktop/Work/UMedic/mc-recruitment-test/app/hooks/useInterval.js">
        <metrics statements="9" coveredstatements="8" conditionals="2" coveredconditionals="2" methods="5" coveredmethods="3"/>
        <line num="3" count="3" type="stmt"/>
        <line num="4" count="7" type="stmt"/>
        <line num="6" count="7" type="stmt"/>
        <line num="7" count="7" type="stmt"/>
        <line num="10" count="7" type="stmt"/>
        <line num="12" count="0" type="stmt"/>
        <line num="15" count="6" type="cond" truecount="2" falsecount="0"/>
        <line num="16" count="4" type="stmt"/>
        <line num="17" count="4" type="stmt"/>
      </file>
      <file name="useIsOnShift.js" path="/Users/emanueledivizio/Desktop/Work/UMedic/mc-recruitment-test/app/hooks/useIsOnShift.js">
        <metrics statements="13" coveredstatements="11" conditionals="2" coveredconditionals="2" methods="5" coveredmethods="3"/>
        <line num="6" count="5" type="stmt"/>
        <line num="8" count="2" type="stmt"/>
        <line num="9" count="5" type="stmt"/>
        <line num="11" count="5" type="stmt"/>
        <line num="12" count="5" type="stmt"/>
        <line num="14" count="5" type="stmt"/>
        <line num="15" count="0" type="stmt"/>
        <line num="18" count="5" type="stmt"/>
        <line num="19" count="0" type="stmt"/>
        <line num="22" count="5" type="stmt"/>
        <line num="23" count="4" type="cond" truecount="2" falsecount="0"/>
        <line num="24" count="1" type="stmt"/>
        <line num="28" count="5" type="stmt"/>
      </file>
    </package>
    <package name="screens">
      <metrics statements="3" coveredstatements="3" conditionals="0" coveredconditionals="0" methods="1" coveredmethods="1"/>
      <file name="HandWashScreen.js" path="/Users/emanueledivizio/Desktop/Work/UMedic/mc-recruitment-test/app/screens/HandWashScreen.js">
        <metrics statements="3" coveredstatements="3" conditionals="0" coveredconditionals="0" methods="1" coveredmethods="1"/>
        <line num="9" count="1" type="stmt"/>
        <line num="10" count="1" type="stmt"/>
        <line num="27" count="1" type="stmt"/>
      </file>
    </package>
    <package name="state">
      <metrics statements="6" coveredstatements="2" conditionals="0" coveredconditionals="0" methods="3" coveredmethods="0"/>
      <file name="handWashSlice.js" path="/Users/emanueledivizio/Desktop/Work/UMedic/mc-recruitment-test/app/state/handWashSlice.js">
        <metrics statements="2" coveredstatements="1" conditionals="0" coveredconditionals="0" methods="1" coveredmethods="0"/>
        <line num="3" count="2" type="stmt"/>
        <line num="7" count="0" type="stmt"/>
      </file>
      <file name="shiftSlice.js" path="/Users/emanueledivizio/Desktop/Work/UMedic/mc-recruitment-test/app/state/shiftSlice.js">
        <metrics statements="4" coveredstatements="1" conditionals="0" coveredconditionals="0" methods="2" coveredmethods="0"/>
        <line num="3" count="2" type="stmt"/>
        <line num="7" count="0" type="stmt"/>
        <line num="17" count="0" type="stmt"/>
        <line num="18" count="0" type="stmt"/>
      </file>
    </package>
  </project>
</coverage>
