{"/Users/emanueledivizio/Desktop/Work/UMedic/mc-recruitment-test/app/components/HandWash/HandWash.js": {"path":"/Users/emanueledivizio/Desktop/Work/UMedic/mc-recruitment-test/app/components/HandWash/HandWash.js","statementMap":{"0":{"start":{"line":11,"column":17},"end":{"line":67,"column":1}},"1":{"start":{"line":15,"column":38},"end":{"line":15,"column":49}},"2":{"start":{"line":16,"column":28},"end":{"line":16,"column":42}},"3":{"start":{"line":17,"column":36},"end":{"line":17,"column":51}},"4":{"start":{"line":19,"column":19},"end":{"line":19,"column":32}},"5":{"start":{"line":21,"column":28},"end":{"line":24,"column":3}},"6":{"start":{"line":22,"column":4},"end":{"line":22,"column":22}},"7":{"start":{"line":23,"column":4},"end":{"line":23,"column":24}},"8":{"start":{"line":26,"column":20},"end":{"line":31,"column":3}},"9":{"start":{"line":27,"column":4},"end":{"line":27,"column":18}},"10":{"start":{"line":28,"column":4},"end":{"line":28,"column":44}},"11":{"start":{"line":29,"column":4},"end":{"line":29,"column":20}},"12":{"start":{"line":30,"column":4},"end":{"line":30,"column":23}},"13":{"start":{"line":33,"column":2},"end":{"line":37,"column":18}},"14":{"start":{"line":34,"column":4},"end":{"line":36,"column":5}},"15":{"start":{"line":35,"column":6},"end":{"line":35,"column":17}},"16":{"start":{"line":39,"column":2},"end":{"line":41,"column":11}},"17":{"start":{"line":40,"column":4},"end":{"line":40,"column":33}},"18":{"start":{"line":43,"column":2},"end":{"line":66,"column":3}},"19":{"start":{"line":69,"column":0},"end":{"line":72,"column":1}},"20":{"start":{"line":74,"column":15},"end":{"line":104,"column":2}}},"fnMap":{"0":{"name":"(anonymous_0)","decl":{"start":{"line":11,"column":17},"end":{"line":11,"column":18}},"loc":{"start":{"line":14,"column":6},"end":{"line":67,"column":1}},"line":14},"1":{"name":"(anonymous_1)","decl":{"start":{"line":21,"column":28},"end":{"line":21,"column":29}},"loc":{"start":{"line":21,"column":34},"end":{"line":24,"column":3}},"line":21},"2":{"name":"(anonymous_2)","decl":{"start":{"line":26,"column":20},"end":{"line":26,"column":21}},"loc":{"start":{"line":26,"column":26},"end":{"line":31,"column":3}},"line":26},"3":{"name":"(anonymous_3)","decl":{"start":{"line":33,"column":12},"end":{"line":33,"column":13}},"loc":{"start":{"line":33,"column":18},"end":{"line":37,"column":3}},"line":33},"4":{"name":"(anonymous_4)","decl":{"start":{"line":39,"column":14},"end":{"line":39,"column":15}},"loc":{"start":{"line":39,"column":20},"end":{"line":41,"column":3}},"line":39}},"branchMap":{"0":{"loc":{"start":{"line":12,"column":2},"end":{"line":12,"column":39}},"type":"default-arg","locations":[{"start":{"line":12,"column":15},"end":{"line":12,"column":39}}],"line":12},"1":{"loc":{"start":{"line":13,"column":2},"end":{"line":13,"column":52}},"type":"default-arg","locations":[{"start":{"line":13,"column":17},"end":{"line":13,"column":52}}],"line":13},"2":{"loc":{"start":{"line":34,"column":4},"end":{"line":36,"column":5}},"type":"if","locations":[{"start":{"line":34,"column":4},"end":{"line":36,"column":5}},{"start":{"line":34,"column":4},"end":{"line":36,"column":5}}],"line":34},"3":{"loc":{"start":{"line":49,"column":7},"end":{"line":64,"column":7}},"type":"cond-expr","locations":[{"start":{"line":50,"column":8},"end":{"line":53,"column":25}},{"start":{"line":55,"column":8},"end":{"line":63,"column":25}}],"line":49}},"s":{"0":2,"1":2,"2":2,"3":2,"4":2,"5":2,"6":0,"7":0,"8":2,"9":0,"10":0,"11":0,"12":0,"13":2,"14":2,"15":0,"16":2,"17":0,"18":2,"19":2,"20":2},"f":{"0":2,"1":0,"2":0,"3":2,"4":0},"b":{"0":[2],"1":[2],"2":[0,2],"3":[0,2]},"_coverageSchema":"1a1c01bbd47fc00a2c39e90264f33305004495a9","hash":"6a7bc04a7dd29c27fc705aceaf0e23ff3645c866"}
,"/Users/emanueledivizio/Desktop/Work/UMedic/mc-recruitment-test/app/components/HandWashHistory/HandWashHistory.js": {"path":"/Users/emanueledivizio/Desktop/Work/UMedic/mc-recruitment-test/app/components/HandWashHistory/HandWashHistory.js","statementMap":{"0":{"start":{"line":7,"column":32},"end":{"line":7,"column":57}},"1":{"start":{"line":7,"column":41},"end":{"line":7,"column":57}},"2":{"start":{"line":9,"column":21},"end":{"line":22,"column":1}},"3":{"start":{"line":10,"column":13},"end":{"line":10,"column":28}},"4":{"start":{"line":11,"column":2},"end":{"line":21,"column":3}},"5":{"start":{"line":24,"column":24},"end":{"line":36,"column":1}},"6":{"start":{"line":25,"column":15},"end":{"line":25,"column":51}},"7":{"start":{"line":26,"column":2},"end":{"line":35,"column":3}},"8":{"start":{"line":31,"column":34},"end":{"line":31,"column":73}},"9":{"start":{"line":32,"column":30},"end":{"line":32,"column":53}},"10":{"start":{"line":38,"column":15},"end":{"line":51,"column":2}}},"fnMap":{"0":{"name":"(anonymous_0)","decl":{"start":{"line":7,"column":32},"end":{"line":7,"column":33}},"loc":{"start":{"line":7,"column":41},"end":{"line":7,"column":57}},"line":7},"1":{"name":"(anonymous_1)","decl":{"start":{"line":9,"column":21},"end":{"line":9,"column":22}},"loc":{"start":{"line":9,"column":38},"end":{"line":22,"column":1}},"line":9},"2":{"name":"(anonymous_2)","decl":{"start":{"line":24,"column":24},"end":{"line":24,"column":25}},"loc":{"start":{"line":24,"column":30},"end":{"line":36,"column":1}},"line":24},"3":{"name":"(anonymous_3)","decl":{"start":{"line":31,"column":20},"end":{"line":31,"column":21}},"loc":{"start":{"line":31,"column":34},"end":{"line":31,"column":73}},"line":31},"4":{"name":"(anonymous_4)","decl":{"start":{"line":32,"column":22},"end":{"line":32,"column":23}},"loc":{"start":{"line":32,"column":30},"end":{"line":32,"column":53}},"line":32}},"branchMap":{},"s":{"0":2,"1":2,"2":2,"3":3,"4":3,"5":2,"6":2,"7":2,"8":3,"9":3,"10":2},"f":{"0":2,"1":3,"2":2,"3":3,"4":3},"b":{},"_coverageSchema":"1a1c01bbd47fc00a2c39e90264f33305004495a9","hash":"aa11e828959d4b526ded2ab61d34bc2d0a29a6fa"}
,"/Users/emanueledivizio/Desktop/Work/UMedic/mc-recruitment-test/app/components/ShiftBadge/ShiftBadge.js": {"path":"/Users/emanueledivizio/Desktop/Work/UMedic/mc-recruitment-test/app/components/ShiftBadge/ShiftBadge.js","statementMap":{"0":{"start":{"line":6,"column":19},"end":{"line":18,"column":1}},"1":{"start":{"line":7,"column":22},"end":{"line":7,"column":36}},"2":{"start":{"line":9,"column":2},"end":{"line":17,"column":3}},"3":{"start":{"line":20,"column":15},"end":{"line":34,"column":2}}},"fnMap":{"0":{"name":"(anonymous_0)","decl":{"start":{"line":6,"column":19},"end":{"line":6,"column":20}},"loc":{"start":{"line":6,"column":25},"end":{"line":18,"column":1}},"line":6}},"branchMap":{"0":{"loc":{"start":{"line":9,"column":9},"end":{"line":17,"column":3}},"type":"cond-expr","locations":[{"start":{"line":10,"column":4},"end":{"line":14,"column":11}},{"start":{"line":16,"column":4},"end":{"line":16,"column":22}}],"line":9}},"s":{"0":1,"1":1,"2":1,"3":1},"f":{"0":1},"b":{"0":[0,1]},"_coverageSchema":"1a1c01bbd47fc00a2c39e90264f33305004495a9","hash":"42248135dd52cc65f46823efa554a99e9cc2d157"}
,"/Users/emanueledivizio/Desktop/Work/UMedic/mc-recruitment-test/app/components/ShiftButton/ShiftButton.js": {"path":"/Users/emanueledivizio/Desktop/Work/UMedic/mc-recruitment-test/app/components/ShiftButton/ShiftButton.js","statementMap":{"0":{"start":{"line":8,"column":24},"end":{"line":32,"column":1}},"1":{"start":{"line":9,"column":19},"end":{"line":9,"column":32}},"2":{"start":{"line":11,"column":22},"end":{"line":11,"column":36}},"3":{"start":{"line":13,"column":28},"end":{"line":17,"column":3}},"4":{"start":{"line":14,"column":4},"end":{"line":16,"column":49}},"5":{"start":{"line":19,"column":24},"end":{"line":21,"column":4}},"6":{"start":{"line":19,"column":36},"end":{"line":21,"column":3}},"7":{"start":{"line":23,"column":2},"end":{"line":31,"column":3}},"8":{"start":{"line":34,"column":15},"end":{"line":52,"column":2}}},"fnMap":{"0":{"name":"(anonymous_0)","decl":{"start":{"line":8,"column":24},"end":{"line":8,"column":25}},"loc":{"start":{"line":8,"column":30},"end":{"line":32,"column":1}},"line":8},"1":{"name":"(anonymous_1)","decl":{"start":{"line":13,"column":28},"end":{"line":13,"column":29}},"loc":{"start":{"line":13,"column":34},"end":{"line":17,"column":3}},"line":13},"2":{"name":"(anonymous_2)","decl":{"start":{"line":19,"column":24},"end":{"line":19,"column":25}},"loc":{"start":{"line":19,"column":36},"end":{"line":21,"column":3}},"line":19}},"branchMap":{"0":{"loc":{"start":{"line":14,"column":4},"end":{"line":16,"column":49}},"type":"cond-expr","locations":[{"start":{"line":15,"column":8},"end":{"line":15,"column":47}},{"start":{"line":16,"column":8},"end":{"line":16,"column":49}}],"line":14},"1":{"loc":{"start":{"line":20,"column":21},"end":{"line":20,"column":72}},"type":"cond-expr","locations":[{"start":{"line":20,"column":31},"end":{"line":20,"column":51}},{"start":{"line":20,"column":54},"end":{"line":20,"column":72}}],"line":20},"2":{"loc":{"start":{"line":29,"column":33},"end":{"line":29,"column":72}},"type":"cond-expr","locations":[{"start":{"line":29,"column":45},"end":{"line":29,"column":56}},{"start":{"line":29,"column":59},"end":{"line":29,"column":72}}],"line":29}},"s":{"0":2,"1":4,"2":4,"3":4,"4":0,"5":4,"6":4,"7":4,"8":2},"f":{"0":4,"1":0,"2":4},"b":{"0":[0,0],"1":[1,3],"2":[1,3]},"_coverageSchema":"1a1c01bbd47fc00a2c39e90264f33305004495a9","hash":"b89351f9770055ddca231df6f01d1e6f0bbbae2f"}
,"/Users/emanueledivizio/Desktop/Work/UMedic/mc-recruitment-test/app/components/TopBar/TopBar.js": {"path":"/Users/emanueledivizio/Desktop/Work/UMedic/mc-recruitment-test/app/components/TopBar/TopBar.js","statementMap":{"0":{"start":{"line":6,"column":15},"end":{"line":13,"column":1}},"1":{"start":{"line":7,"column":2},"end":{"line":12,"column":3}},"2":{"start":{"line":15,"column":15},"end":{"line":30,"column":2}}},"fnMap":{"0":{"name":"(anonymous_0)","decl":{"start":{"line":6,"column":15},"end":{"line":6,"column":16}},"loc":{"start":{"line":6,"column":51},"end":{"line":13,"column":1}},"line":6}},"branchMap":{"0":{"loc":{"start":{"line":6,"column":18},"end":{"line":6,"column":44}},"type":"default-arg","locations":[{"start":{"line":6,"column":26},"end":{"line":6,"column":44}}],"line":6}},"s":{"0":2,"1":2,"2":2},"f":{"0":2},"b":{"0":[2]},"_coverageSchema":"1a1c01bbd47fc00a2c39e90264f33305004495a9","hash":"c415128cd2c5579ece6d0865d6f63b49b3edbfe7"}
,"/Users/emanueledivizio/Desktop/Work/UMedic/mc-recruitment-test/app/config/colors.js": {"path":"/Users/emanueledivizio/Desktop/Work/UMedic/mc-recruitment-test/app/config/colors.js","statementMap":{},"fnMap":{},"branchMap":{},"s":{},"f":{},"b":{},"_coverageSchema":"1a1c01bbd47fc00a2c39e90264f33305004495a9","hash":"ef851dc45d832b3795fbf3f49ede18cdd505fa1d"}
,"/Users/emanueledivizio/Desktop/Work/UMedic/mc-recruitment-test/app/config/development.js": {"path":"/Users/emanueledivizio/Desktop/Work/UMedic/mc-recruitment-test/app/config/development.js","statementMap":{},"fnMap":{},"branchMap":{},"s":{},"f":{},"b":{},"_coverageSchema":"1a1c01bbd47fc00a2c39e90264f33305004495a9","hash":"da7337bc12f8e697a4cac760b7749cfc575b636f"}
,"/Users/emanueledivizio/Desktop/Work/UMedic/mc-recruitment-test/app/config/index.js": {"path":"/Users/emanueledivizio/Desktop/Work/UMedic/mc-recruitment-test/app/config/index.js","statementMap":{"0":{"start":{"line":6,"column":13},"end":{"line":9,"column":1}},"1":{"start":{"line":11,"column":0},"end":{"line":23,"column":1}},"2":{"start":{"line":12,"column":2},"end":{"line":16,"column":3}},"3":{"start":{"line":18,"column":2},"end":{"line":22,"column":3}}},"fnMap":{},"branchMap":{"0":{"loc":{"start":{"line":11,"column":0},"end":{"line":23,"column":1}},"type":"if","locations":[{"start":{"line":11,"column":0},"end":{"line":23,"column":1}},{"start":{"line":11,"column":0},"end":{"line":23,"column":1}}],"line":11}},"s":{"0":5,"1":5,"2":5,"3":0},"f":{},"b":{"0":[5,0]},"_coverageSchema":"1a1c01bbd47fc00a2c39e90264f33305004495a9","hash":"4199e076b27a2532b9ffb81066ed733c723ef4d0"}
,"/Users/emanueledivizio/Desktop/Work/UMedic/mc-recruitment-test/app/config/local.js": {"path":"/Users/emanueledivizio/Desktop/Work/UMedic/mc-recruitment-test/app/config/local.js","statementMap":{},"fnMap":{},"branchMap":{},"s":{},"f":{},"b":{},"_coverageSchema":"1a1c01bbd47fc00a2c39e90264f33305004495a9","hash":"9f0b33afae28b1b6c8a9f53dfb0db75a13f59dc4"}
,"/Users/emanueledivizio/Desktop/Work/UMedic/mc-recruitment-test/app/config/production.js": {"path":"/Users/emanueledivizio/Desktop/Work/UMedic/mc-recruitment-test/app/config/production.js","statementMap":{},"fnMap":{},"branchMap":{},"s":{},"f":{},"b":{},"_coverageSchema":"1a1c01bbd47fc00a2c39e90264f33305004495a9","hash":"7ed32219c81c168fa03416ec146629c47576ccae"}
,"/Users/emanueledivizio/Desktop/Work/UMedic/mc-recruitment-test/app/hooks/useInterval.js": {"path":"/Users/emanueledivizio/Desktop/Work/UMedic/mc-recruitment-test/app/hooks/useInterval.js","statementMap":{"0":{"start":{"line":3,"column":20},"end":{"line":20,"column":1}},"1":{"start":{"line":4,"column":24},"end":{"line":4,"column":32}},"2":{"start":{"line":6,"column":2},"end":{"line":8,"column":4}},"3":{"start":{"line":7,"column":4},"end":{"line":7,"column":36}},"4":{"start":{"line":10,"column":2},"end":{"line":19,"column":13}},"5":{"start":{"line":12,"column":6},"end":{"line":12,"column":29}},"6":{"start":{"line":15,"column":4},"end":{"line":18,"column":5}},"7":{"start":{"line":16,"column":15},"end":{"line":16,"column":39}},"8":{"start":{"line":17,"column":6},"end":{"line":17,"column":36}},"9":{"start":{"line":17,"column":19},"end":{"line":17,"column":36}}},"fnMap":{"0":{"name":"(anonymous_0)","decl":{"start":{"line":3,"column":20},"end":{"line":3,"column":21}},"loc":{"start":{"line":3,"column":41},"end":{"line":20,"column":1}},"line":3},"1":{"name":"(anonymous_1)","decl":{"start":{"line":6,"column":12},"end":{"line":6,"column":13}},"loc":{"start":{"line":6,"column":18},"end":{"line":8,"column":3}},"line":6},"2":{"name":"(anonymous_2)","decl":{"start":{"line":10,"column":12},"end":{"line":10,"column":13}},"loc":{"start":{"line":10,"column":18},"end":{"line":19,"column":3}},"line":10},"3":{"name":"tick","decl":{"start":{"line":11,"column":13},"end":{"line":11,"column":17}},"loc":{"start":{"line":11,"column":20},"end":{"line":13,"column":5}},"line":11},"4":{"name":"(anonymous_4)","decl":{"start":{"line":17,"column":13},"end":{"line":17,"column":14}},"loc":{"start":{"line":17,"column":19},"end":{"line":17,"column":36}},"line":17}},"branchMap":{"0":{"loc":{"start":{"line":15,"column":4},"end":{"line":18,"column":5}},"type":"if","locations":[{"start":{"line":15,"column":4},"end":{"line":18,"column":5}},{"start":{"line":15,"column":4},"end":{"line":18,"column":5}}],"line":15}},"s":{"0":3,"1":7,"2":7,"3":7,"4":7,"5":0,"6":6,"7":4,"8":4,"9":0},"f":{"0":7,"1":7,"2":6,"3":0,"4":0},"b":{"0":[4,2]},"_coverageSchema":"1a1c01bbd47fc00a2c39e90264f33305004495a9","hash":"95d5bf11a7a1d380d1cf5659ec2930186eed6e2e"}
,"/Users/emanueledivizio/Desktop/Work/UMedic/mc-recruitment-test/app/hooks/useIsOnShift.js": {"path":"/Users/emanueledivizio/Desktop/Work/UMedic/mc-recruitment-test/app/hooks/useIsOnShift.js","statementMap":{"0":{"start":{"line":6,"column":26},"end":{"line":6,"column":60}},"1":{"start":{"line":6,"column":35},"end":{"line":6,"column":60}},"2":{"start":{"line":8,"column":21},"end":{"line":29,"column":1}},"3":{"start":{"line":9,"column":20},"end":{"line":9,"column":50}},"4":{"start":{"line":11,"column":40},"end":{"line":11,"column":58}},"5":{"start":{"line":12,"column":36},"end":{"line":12,"column":51}},"6":{"start":{"line":14,"column":21},"end":{"line":16,"column":3}},"7":{"start":{"line":15,"column":4},"end":{"line":15,"column":28}},"8":{"start":{"line":18,"column":2},"end":{"line":20,"column":10}},"9":{"start":{"line":19,"column":4},"end":{"line":19,"column":16}},"10":{"start":{"line":22,"column":2},"end":{"line":26,"column":19}},"11":{"start":{"line":23,"column":4},"end":{"line":25,"column":5}},"12":{"start":{"line":24,"column":6},"end":{"line":24,"column":59}},"13":{"start":{"line":28,"column":2},"end":{"line":28,"column":20}}},"fnMap":{"0":{"name":"(anonymous_0)","decl":{"start":{"line":6,"column":26},"end":{"line":6,"column":27}},"loc":{"start":{"line":6,"column":35},"end":{"line":6,"column":60}},"line":6},"1":{"name":"(anonymous_1)","decl":{"start":{"line":8,"column":21},"end":{"line":8,"column":22}},"loc":{"start":{"line":8,"column":27},"end":{"line":29,"column":1}},"line":8},"2":{"name":"(anonymous_2)","decl":{"start":{"line":14,"column":21},"end":{"line":14,"column":22}},"loc":{"start":{"line":14,"column":27},"end":{"line":16,"column":3}},"line":14},"3":{"name":"(anonymous_3)","decl":{"start":{"line":18,"column":14},"end":{"line":18,"column":15}},"loc":{"start":{"line":18,"column":20},"end":{"line":20,"column":3}},"line":18},"4":{"name":"(anonymous_4)","decl":{"start":{"line":22,"column":12},"end":{"line":22,"column":13}},"loc":{"start":{"line":22,"column":18},"end":{"line":26,"column":3}},"line":22}},"branchMap":{"0":{"loc":{"start":{"line":23,"column":4},"end":{"line":25,"column":5}},"type":"if","locations":[{"start":{"line":23,"column":4},"end":{"line":25,"column":5}},{"start":{"line":23,"column":4},"end":{"line":25,"column":5}}],"line":23}},"s":{"0":2,"1":5,"2":2,"3":5,"4":5,"5":5,"6":5,"7":0,"8":5,"9":0,"10":5,"11":4,"12":1,"13":5},"f":{"0":5,"1":5,"2":0,"3":0,"4":4},"b":{"0":[1,3]},"_coverageSchema":"1a1c01bbd47fc00a2c39e90264f33305004495a9","hash":"c4352e12d584b32ff392a8c7cf79074cbc4bbfbd"}
,"/Users/emanueledivizio/Desktop/Work/UMedic/mc-recruitment-test/app/screens/HandWashScreen.js": {"path":"/Users/emanueledivizio/Desktop/Work/UMedic/mc-recruitment-test/app/screens/HandWashScreen.js","statementMap":{"0":{"start":{"line":9,"column":23},"end":{"line":25,"column":1}},"1":{"start":{"line":10,"column":2},"end":{"line":24,"column":9}},"2":{"start":{"line":27,"column":15},"end":{"line":37,"column":2}}},"fnMap":{"0":{"name":"(anonymous_0)","decl":{"start":{"line":9,"column":23},"end":{"line":9,"column":24}},"loc":{"start":{"line":10,"column":2},"end":{"line":24,"column":9}},"line":10}},"branchMap":{},"s":{"0":1,"1":1,"2":1},"f":{"0":1},"b":{},"_coverageSchema":"1a1c01bbd47fc00a2c39e90264f33305004495a9","hash":"a831a86f97877bfc5ba62c4102efbc715f25864f"}
,"/Users/emanueledivizio/Desktop/Work/UMedic/mc-recruitment-test/app/state/handWashSlice.js": {"path":"/Users/emanueledivizio/Desktop/Work/UMedic/mc-recruitment-test/app/state/handWashSlice.js","statementMap":{"0":{"start":{"line":3,"column":22},"end":{"line":14,"column":2}},"1":{"start":{"line":7,"column":26},"end":{"line":12,"column":5}}},"fnMap":{"0":{"name":"(anonymous_0)","decl":{"start":{"line":7,"column":17},"end":{"line":7,"column":18}},"loc":{"start":{"line":7,"column":26},"end":{"line":12,"column":5}},"line":7}},"branchMap":{},"s":{"0":2,"1":0},"f":{"0":0},"b":{},"_coverageSchema":"1a1c01bbd47fc00a2c39e90264f33305004495a9","hash":"a62885fa9edf5a9e98d5f56a9449590b050de439"}
,"/Users/emanueledivizio/Desktop/Work/UMedic/mc-recruitment-test/app/state/shiftSlice.js": {"path":"/Users/emanueledivizio/Desktop/Work/UMedic/mc-recruitment-test/app/state/shiftSlice.js","statementMap":{"0":{"start":{"line":3,"column":19},"end":{"line":21,"column":2}},"1":{"start":{"line":7,"column":25},"end":{"line":15,"column":5}},"2":{"start":{"line":17,"column":21},"end":{"line":17,"column":31}},"3":{"start":{"line":18,"column":6},"end":{"line":18,"column":78}}},"fnMap":{"0":{"name":"(anonymous_0)","decl":{"start":{"line":7,"column":16},"end":{"line":7,"column":17}},"loc":{"start":{"line":7,"column":25},"end":{"line":15,"column":5}},"line":7},"1":{"name":"(anonymous_1)","decl":{"start":{"line":16,"column":14},"end":{"line":16,"column":15}},"loc":{"start":{"line":16,"column":23},"end":{"line":19,"column":5}},"line":16}},"branchMap":{},"s":{"0":2,"1":0,"2":0,"3":0},"f":{"0":0,"1":0},"b":{},"_coverageSchema":"1a1c01bbd47fc00a2c39e90264f33305004495a9","hash":"e687b07e11e926354146a5cd950ccc8d8c8371f6"}
}
