TN:
SF:app/components/HandWash/HandWash.js
FN:11,(anonymous_0)
FN:21,(anonymous_1)
FN:26,(anonymous_2)
FN:33,(anonymous_3)
FN:39,(anonymous_4)
FNF:5
FNH:2
FNDA:2,(anonymous_0)
FNDA:0,(anonymous_1)
FNDA:0,(anonymous_2)
FNDA:2,(anonymous_3)
FNDA:0,(anonymous_4)
DA:11,2
DA:15,2
DA:16,2
DA:17,2
DA:19,2
DA:21,2
DA:22,0
DA:23,0
DA:26,2
DA:27,0
DA:28,0
DA:29,0
DA:30,0
DA:33,2
DA:34,2
DA:35,0
DA:39,2
DA:40,0
DA:43,2
DA:69,2
DA:74,2
LF:21
LH:13
BRDA:12,0,0,2
BRDA:13,1,0,2
BRDA:34,2,0,0
BRDA:34,2,1,2
BRDA:49,3,0,0
BRDA:49,3,1,2
BRF:6
BRH:4
end_of_record
TN:
SF:app/components/HandWashHistory/HandWashHistory.js
FN:7,(anonymous_0)
FN:9,(anonymous_1)
FN:24,(anonymous_2)
FN:31,(anonymous_3)
FN:32,(anonymous_4)
FNF:5
FNH:5
FNDA:2,(anonymous_0)
FNDA:3,(anonymous_1)
FNDA:2,(anonymous_2)
FNDA:3,(anonymous_3)
FNDA:3,(anonymous_4)
DA:7,2
DA:9,2
DA:10,3
DA:11,3
DA:24,2
DA:25,2
DA:26,2
DA:31,3
DA:32,3
DA:38,2
LF:10
LH:10
BRF:0
BRH:0
end_of_record
TN:
SF:app/components/ShiftBadge/ShiftBadge.js
FN:6,(anonymous_0)
FNF:1
FNH:1
FNDA:1,(anonymous_0)
DA:6,1
DA:7,1
DA:9,1
DA:20,1
LF:4
LH:4
BRDA:9,0,0,0
BRDA:9,0,1,1
BRF:2
BRH:1
end_of_record
TN:
SF:app/components/ShiftButton/ShiftButton.js
FN:8,(anonymous_0)
FN:13,(anonymous_1)
FN:19,(anonymous_2)
FNF:3
FNH:2
FNDA:4,(anonymous_0)
FNDA:0,(anonymous_1)
FNDA:4,(anonymous_2)
DA:8,2
DA:9,4
DA:11,4
DA:13,4
DA:14,0
DA:19,4
DA:23,4
DA:34,2
LF:8
LH:7
BRDA:14,0,0,0
BRDA:14,0,1,0
BRDA:20,1,0,1
BRDA:20,1,1,3
BRDA:29,2,0,1
BRDA:29,2,1,3
BRF:6
BRH:4
end_of_record
TN:
SF:app/components/TopBar/TopBar.js
FN:6,(anonymous_0)
FNF:1
FNH:1
FNDA:2,(anonymous_0)
DA:6,2
DA:7,2
DA:15,2
LF:3
LH:3
BRDA:6,0,0,2
BRF:1
BRH:1
end_of_record
TN:
SF:app/config/colors.js
FNF:0
FNH:0
LF:0
LH:0
BRF:0
BRH:0
end_of_record
TN:
SF:app/config/development.js
FNF:0
FNH:0
LF:0
LH:0
BRF:0
BRH:0
end_of_record
TN:
SF:app/config/index.js
FNF:0
FNH:0
DA:6,5
DA:11,5
DA:12,5
DA:18,0
LF:4
LH:3
BRDA:11,0,0,5
BRDA:11,0,1,0
BRF:2
BRH:1
end_of_record
TN:
SF:app/config/local.js
FNF:0
FNH:0
LF:0
LH:0
BRF:0
BRH:0
end_of_record
TN:
SF:app/config/production.js
FNF:0
FNH:0
LF:0
LH:0
BRF:0
BRH:0
end_of_record
TN:
SF:app/hooks/useInterval.js
FN:3,(anonymous_0)
FN:6,(anonymous_1)
FN:10,(anonymous_2)
FN:11,tick
FN:17,(anonymous_4)
FNF:5
FNH:3
FNDA:7,(anonymous_0)
FNDA:7,(anonymous_1)
FNDA:6,(anonymous_2)
FNDA:0,tick
FNDA:0,(anonymous_4)
DA:3,3
DA:4,7
DA:6,7
DA:7,7
DA:10,7
DA:12,0
DA:15,6
DA:16,4
DA:17,4
LF:9
LH:8
BRDA:15,0,0,4
BRDA:15,0,1,2
BRF:2
BRH:2
end_of_record
TN:
SF:app/hooks/useIsOnShift.js
FN:6,(anonymous_0)
FN:8,(anonymous_1)
FN:14,(anonymous_2)
FN:18,(anonymous_3)
FN:22,(anonymous_4)
FNF:5
FNH:3
FNDA:5,(anonymous_0)
FNDA:5,(anonymous_1)
FNDA:0,(anonymous_2)
FNDA:0,(anonymous_3)
FNDA:4,(anonymous_4)
DA:6,5
DA:8,2
DA:9,5
DA:11,5
DA:12,5
DA:14,5
DA:15,0
DA:18,5
DA:19,0
DA:22,5
DA:23,4
DA:24,1
DA:28,5
LF:13
LH:11
BRDA:23,0,0,1
BRDA:23,0,1,3
BRF:2
BRH:2
end_of_record
TN:
SF:app/screens/HandWashScreen.js
FN:9,(anonymous_0)
FNF:1
FNH:1
FNDA:1,(anonymous_0)
DA:9,1
DA:10,1
DA:27,1
LF:3
LH:3
BRF:0
BRH:0
end_of_record
TN:
SF:app/state/handWashSlice.js
FN:7,(anonymous_0)
FNF:1
FNH:0
FNDA:0,(anonymous_0)
DA:3,2
DA:7,0
LF:2
LH:1
BRF:0
BRH:0
end_of_record
TN:
SF:app/state/shiftSlice.js
FN:7,(anonymous_0)
FN:16,(anonymous_1)
FNF:2
FNH:0
FNDA:0,(anonymous_0)
FNDA:0,(anonymous_1)
DA:3,2
DA:7,0
DA:17,0
DA:18,0
LF:4
LH:1
BRF:0
BRH:0
end_of_record
